{"numTotalTestSuites":31,"numPassedTestSuites":31,"numFailedTestSuites":0,"numPendingTestSuites":0,"numTotalTests":94,"numPassedTests":91,"numFailedTests":3,"numPendingTests":0,"numTodoTests":0,"startTime":1772497902268,"success":false,"testResults":[{"assertionResults":[{"ancestorTitles":["","LinkImport"],"fullName":" LinkImport renders textarea and buttons","status":"passed","title":"renders textarea and buttons","duration":460,"failureMessages":[]},{"ancestorTitles":["","LinkImport"],"fullName":" LinkImport shows placeholder with format examples","status":"passed","title":"shows placeholder with format examples","duration":47,"failureMessages":[]},{"ancestorTitles":["","LinkImport"],"fullName":" LinkImport shows line count","status":"passed","title":"shows line count","duration":258,"failureMessages":[]},{"ancestorTitles":["","LinkImport"],"fullName":" LinkImport clears textarea when Clear button clicked","status":"passed","title":"clears textarea when Clear button clicked","duration":304,"failureMessages":[]},{"ancestorTitles":["","LinkImport"],"fullName":" LinkImport disables Import button when textarea is empty","status":"passed","title":"disables Import button when textarea is empty","duration":143,"failureMessages":[]},{"ancestorTitles":["","LinkImport"],"fullName":" LinkImport enables Import button when textarea has content","status":"passed","title":"enables Import button when textarea has content","duration":396,"failureMessages":[]},{"ancestorTitles":["","LinkImport"],"fullName":" LinkImport imports URLs and shows success message","status":"passed","title":"imports URLs and shows success message","duration":702,"failureMessages":[]},{"ancestorTitles":["","LinkImport"],"fullName":" LinkImport shows failed imports","status":"passed","title":"shows failed imports","duration":272,"failureMessages":[]},{"ancestorTitles":["","LinkImport"],"fullName":" LinkImport does not call onTracksAdded when all imports fail","status":"passed","title":"does not call onTracksAdded when all imports fail","duration":262,"failureMessages":[]}],"startTime":1772497907772,"endTime":1772497910617,"status":"passed","message":"","name":"C:/Users/david/Downloads/SampleSolution/frontend/src/components/LinkImport.test.tsx"},{"assertionResults":[{"ancestorTitles":["","PlaylistImport","when not authenticated"],"fullName":" PlaylistImport when not authenticated shows login prompt","status":"passed","title":"shows login prompt","duration":100,"failureMessages":[]},{"ancestorTitles":["","PlaylistImport","when not authenticated"],"fullName":" PlaylistImport when not authenticated shows sign in button","status":"passed","title":"shows sign in button","duration":192,"failureMessages":[]},{"ancestorTitles":["","PlaylistImport","when not authenticated"],"fullName":" PlaylistImport when not authenticated sign in link points to auth endpoint","status":"passed","title":"sign in link points to auth endpoint","duration":120,"failureMessages":[]},{"ancestorTitles":["","PlaylistImport","when authenticated"],"fullName":" PlaylistImport when authenticated shows playlists after loading","status":"passed","title":"shows playlists after loading","duration":53,"failureMessages":[]},{"ancestorTitles":["","PlaylistImport","when authenticated"],"fullName":" PlaylistImport when authenticated shows Your Playlists header","status":"passed","title":"shows Your Playlists header","duration":13,"failureMessages":[]},{"ancestorTitles":["","PlaylistImport","when authenticated"],"fullName":" PlaylistImport when authenticated shows playlist items when playlist is selected","status":"passed","title":"shows playlist items when playlist is selected","duration":174,"failureMessages":[]},{"ancestorTitles":["","PlaylistImport","when authenticated"],"fullName":" PlaylistImport when authenticated shows back button when viewing playlist items","status":"passed","title":"shows back button when viewing playlist items","duration":102,"failureMessages":[]},{"ancestorTitles":["","PlaylistImport","when authenticated"],"fullName":" PlaylistImport when authenticated goes back to playlist list when back clicked","status":"passed","title":"goes back to playlist list when back clicked","duration":186,"failureMessages":[]},{"ancestorTitles":["","PlaylistImport","when authenticated"],"fullName":" PlaylistImport when authenticated shows Select All button when viewing items","status":"passed","title":"shows Select All button when viewing items","duration":72,"failureMessages":[]},{"ancestorTitles":["","PlaylistImport","when authenticated"],"fullName":" PlaylistImport when authenticated selects videos with checkboxes","status":"passed","title":"selects videos with checkboxes","duration":161,"failureMessages":[]},{"ancestorTitles":["","PlaylistImport","when authenticated"],"fullName":" PlaylistImport when authenticated shows import button with count","status":"passed","title":"shows import button with count","duration":151,"failureMessages":[]},{"ancestorTitles":["","PlaylistImport","when authenticated"],"fullName":" PlaylistImport when authenticated shows no playlists message when empty","status":"passed","title":"shows no playlists message when empty","duration":28,"failureMessages":[]}],"startTime":1772497907644,"endTime":1772497909012,"status":"passed","message":"","name":"C:/Users/david/Downloads/SampleSolution/frontend/src/components/PlaylistImport.test.tsx"},{"assertionResults":[{"ancestorTitles":["","SliceList"],"fullName":" SliceList shows empty state when no slices","status":"passed","title":"shows empty state when no slices","duration":71,"failureMessages":[]},{"ancestorTitles":["","SliceList"],"fullName":" SliceList renders slices with names","status":"passed","title":"renders slices with names","duration":133,"failureMessages":[]},{"ancestorTitles":["","SliceList"],"fullName":" SliceList shows slice count in header","status":"passed","title":"shows slice count in header","duration":65,"failureMessages":[]},{"ancestorTitles":["","SliceList"],"fullName":" SliceList displays time ranges","status":"passed","title":"displays time ranges","duration":67,"failureMessages":[]},{"ancestorTitles":["","SliceList"],"fullName":" SliceList displays slice tags","status":"passed","title":"displays slice tags","duration":43,"failureMessages":[]},{"ancestorTitles":["","SliceList"],"fullName":" SliceList calls onPlay when play button clicked","status":"failed","title":"calls onPlay when play button clicked","duration":63,"failureMessages":["Unable to find an element with the title: Play slice.\n\nIgnored nodes: comments, script, style\n\u001b[36m<body>\u001b[39m\n  \u001b[36m<div>\u001b[39m\n    \u001b[36m<div\u001b[39m\n      \u001b[33mclass\u001b[39m=\u001b[32m\"border-t border-gray-700\"\u001b[39m\n    \u001b[36m>\u001b[39m\n      \u001b[36m<div\u001b[39m\n        \u001b[33mclass\u001b[39m=\u001b[32m\"px-4 py-2 bg-gray-700/30\"\u001b[39m\n      \u001b[36m>\u001b[39m\n        \u001b[36m<h3\u001b[39m\n          \u001b[33mclass\u001b[39m=\u001b[32m\"text-sm font-medium text-gray-400\"\u001b[39m\n        \u001b[36m>\u001b[39m\n          \u001b[0mSlices (\u001b[0m\n          \u001b[0m2\u001b[0m\n          \u001b[0m)\u001b[0m\n        \u001b[36m</h3>\u001b[39m\n      \u001b[36m</div>\u001b[39m\n      \u001b[36m<div\u001b[39m\n        \u001b[33mclass\u001b[39m=\u001b[32m\"divide-y divide-gray-700\"\u001b[39m\n      \u001b[36m>\u001b[39m\n        \u001b[36m<div\u001b[39m\n          \u001b[33mclass\u001b[39m=\u001b[32m\"flex items-center gap-2 px-3 py-2.5 hover:bg-gray-700/30 transition-colors\"\u001b[39m\n        \u001b[36m>\u001b[39m\n          \u001b[36m<div\u001b[39m\n            \u001b[33mclass\u001b[39m=\u001b[32m\"w-1.5 h-8 rounded-full flex-shrink-0\"\u001b[39m\n            \u001b[33mstyle\u001b[39m=\u001b[32m\"background-color: rgb(245, 158, 11);\"\u001b[39m\n          \u001b[36m/>\u001b[39m\n          \u001b[36m<div\u001b[39m\n            \u001b[33mclass\u001b[39m=\u001b[32m\"flex-1 min-w-0\"\u001b[39m\n          \u001b[36m>\u001b[39m\n            \u001b[36m<div\u001b[39m\n              \u001b[33mclass\u001b[39m=\u001b[32m\"group flex items-center gap-1 cursor-pointer\"\u001b[39m\n            \u001b[36m>\u001b[39m\n              \u001b[36m<span\u001b[39m\n                \u001b[33mclass\u001b[39m=\u001b[32m\"font-medium text-white truncate text-sm\"\u001b[39m\n              \u001b[36m>\u001b[39m\n                \u001b[0mIntro Section\u001b[0m\n              \u001b[36m</span>\u001b[39m\n              \u001b[36m<svg\u001b[39m\n                \u001b[33mclass\u001b[39m=\u001b[32m\"lucide lucide-pencil text-gray-500 opacity-0 group-hover:opacity-100 transition-opacity flex-shrink-0\"\u001b[39m\n                \u001b[33mfill\u001b[39m=\u001b[32m\"none\"\u001b[39m\n                \u001b[33mheight\u001b[39m=\u001b[32m\"11\"\u001b[39m\n                \u001b[33mstroke\u001b[39m=\u001b[32m\"currentColor\"\u001b[39m\n                \u001b[33mstroke-linecap\u001b[39m=\u001b[32m\"round\"\u001b[39m\n                \u001b[33mstroke-linejoin\u001b[39m=\u001b[32m\"round\"\u001b[39m\n                \u001b[33mstroke-width\u001b[39m=\u001b[32m\"2\"\u001b[39m\n                \u001b[33mviewBox\u001b[39m=\u001b[32m\"0 0 24 24\"\u001b[39m\n                \u001b[33mwidth\u001b[39m=\u001b[32m\"11\"\u001b[39m\n                \u001b[33mxmlns\u001b[39m=\u001b[32m\"http://www.w3.org/2000/svg\"\u001b[39m\n              \u001b[36m>\u001b[39m\n                \u001b[36m<path\u001b[39m\n                  \u001b[33md\u001b[39m=\u001b[32m\"M17 3a2.85 2.83 0 1 1 4 4L7.5 20.5 2 22l1.5-5.5Z\"\u001b[39m\n                \u001b[36m/>\u001b[39m\n                \u001b[36m<path\u001b[39m\n                  \u001b[33md\u001b[39m=\u001b[32m\"m15 5 4 4\"\u001b[39m\n                \u001b[36m/>\u001b[39m\n              \u001b[36m</svg>\u001b[39m\n            \u001b[36m</div>\u001b[39m\n            \u001b[36m<div\u001b[39m\n              \u001b[33mclass\u001b[39m=\u001b[32m\"text-xs text-gray-400 mt-0.5\"\u001b[39m\n            \u001b[36m>\u001b[39m\n              \u001b[0m0:00.00\u001b[0m\n              \u001b[0m - \u001b[0m\n              \u001b[0m0:15.50\u001b[0m\n              \u001b[36m<span\u001b[39m\n                \u001b[33mclass\u001b[39m=\u001b[32m\"ml-1.5 text-gray-500\"\u001b[39m\n              \u001b[36m>\u001b[39m\n                \u001b[0m(\u001b[0m\n                \u001b[0m0:15.50\u001b[0m\n                \u001b[0m)\u001b[0m\n              \u001b[36m</span>\u001b[39m\n            \u001b[36m</div>\u001b[39m\n          \u001b[36m</div>\u001b[39m\n          \u001b[36m<div\u001b[39m\n            \u001b[33mclass\u001b[39m=\u001b[32m\"flex flex-wrap items-center gap-1 max-w-[280px] lg:max-w-[380px] flex-shrink-0\"\u001b[39m\n          \u001b[36m>\u001b[39m\n            \u001b[36m<span\u001b[39m\n              \u001b[33mclass\u001b[39m=\u001b[32m\"group inline-flex items-center gap-0.5 px-1.5 py-0.5 text-xs rounded whitespace-nowrap\"\u001b[39m\n              \u001b[33mstyle\u001b[39m=\u001b[32m\"background-color: rgba(59, 130, 246, 0.25); color: rgb(59, 130, 246);\"\u001b[39m\n            \u001b[36m>\u001b[39m\n              \u001b[0mintro\u001b[0m\n              \u001b[36m<button\u001b[39m\n                \u001b[33mclass\u001b[39m=\u001b[32m\"opacity-0 group-hover:opacity-100 transition-opacity hover:bg-surface-base/20 rounded ml-0.5\"\u001b[39m\n                \u001b[33mtitle\u001b[39m=\u001b[32m\"Remove instrument\"\u001b[39m\n              \u001b[36m>\u001b[39m\n                \u001b[36m<svg\u001b[39m\n                  \u001b[33mclass\u001b[39m=\u001b[32m\"lucide lucide-x \"\u001b[39m\n                  \u001b[33mfill\u001b[39m=\u001b[32m\"none\"\u001b[39m\n                  \u001b[33mheight\u001b[39m=\u001b[32m\"10\"\u001b[39m\n                  \u001b[33mstroke\u001b[39m=\u001b[32m\"currentColor\"\u001b[39m\n                  \u001b[33mstroke-linecap\u001b[39m=\u001b[32m\"round\"\u001b[39m\n                  \u001b[33mstroke-linejoin\u001b[39m=\u001b[32m\"round\"\u001b[39m\n                  \u001b[33mstroke-width\u001b[39m=\u001b[32m\"2\"\u001b[39m\n                  \u001b[33mviewBox\u001b[39m=\u001b[32m\"0 0 24 24\"\u001b[39m\n                  \u001b[33mwidth\u001b[39m=\u001b[32m\"10\"\u001b[39m\n                  \u001b[33mxmlns\u001b[39m=\u001b[32m\"http://www.w3.org/2000/svg\"\u001b[39m\n                \u001b[36m>\u001b[39m\n                  \u001b[36m<path\u001b[39m\n                    \u001b[33md\u001b[39m=\u001b[32m\"M18 6 6 18\"\u001b[39m\n                  \u001b[36m/>\u001b[39m\n                  \u001b[36m<path\u001b[39m\n                    \u001b[33md\u001b[39m=\u001b[32m\"m6 6 12 12\"\u001b[39m\n                  \u001b[36m/>\u001b[39m\n                \u001b[36m</svg>\u001b[39m\n              \u001b[36m</button>\u001b[39m\n            \u001b[36m</span>\u001b[39m\n            \u001b[36m<div\u001b[39m\n              \u001b[33mclass\u001b[39m=\u001b[32m\"relative \"\u001b[39m\n            \u001b[36m>\u001b[39m\n              \u001b[36m<input\u001b[39m\n                \u001b[33mclass\u001b[39m=\u001b[32m\"w-20 px-2 py-0.5 text-xs bg-gray-700 border border-gray-600 rounded text-white placeholder-gray-500 focus:outline-none focus:border-indigo-500 transition-colors\"\u001b[39m\n                \u001b[33mplaceholder\u001b[39m=\u001b[32m\"Add instrument...\"\u001b[39m\n                \u001b[33mtype\u001b[39m=\u001b[32m\"text\"\u001b[39m\n                \u001b[33mvalue\u001b[39m=\u001b[32m\"\"\u001b[39m\n              \u001b[36m/>\u001b[39m\n            \u001b[36m</div>\u001b[39m\n          \u001b[36m</div>\u001b[39m\n          \u001b[36m<div\u001b[39m\n            \u001b[33mclass\u001b[39m=\u001b[32m\"flex items-center gap-1 flex-shrink-0\"\u001b[39m\n          \u001b[36m>\u001b[39m\n            \u001b[36m<div\u001b[39m\n              \u001b[33mclass\u001b[39m=\u001b[32m\"relative mr-1\"\u001b[39m\n            \u001b[36m>\u001b[39m\n              \u001b[36m<button\u001b[39m\n                \u001b[33mclass\u001b[39m=\u001b[32m\"p-2 rounded transition-colors text-gray-400 hover:text-green-400 hover:bg-green-400/10\"\u001b[39m\n                \u001b[33mtitle\u001b[39m=\u001b[32m\"Play (toggle)\"\u001b[39m\n              \u001b[36m>\u001b[39m\n                \u001b[36m<svg\u001b[39m\n                  \u001b[33mclass\u001b[39m=\u001b[32m\"lucide lucide-play \"\u001b[39m\n                  \u001b[33mfill\u001b[39m=\u001b[32m\"none\"\u001b[39m\n                  \u001b[33mheight\u001b[39m=\u001b[32m\"16\"\u001b[39m\n                  \u001b[33mstroke\u001b[39m=\u001b[32m\"currentColor\"\u001b[39m\n                  \u001b[33mstroke-linecap\u001b[39m=\u001b[32m\"round\"\u001b[39m\n                  \u001b[33mstroke-linejoin\u001b[39m=\u001b[32m\"round\"\u001b[39m\n                  \u001b[33mstroke-width\u001b[39m=\u001b[32m\"2\"\u001b[39m\n                  \u001b[33mviewBox\u001b[39m=\u001b[32m\"0 0 24 24\"\u001b[39m\n                  \u001b[33mwidth\u001b[39m=\u001b[32m\"16\"\u001b[39m\n                  \u001b[33mxmlns\u001b[39m=\u001b[32m\"http://www.w3.org/2000/svg\"\u001b[39m\n                \u001b[36m>\u001b[39m\n                  \u001b[36m<polygon\u001b[39m\n                    \u001b[33mpoints\u001b[39m=\u001b[32m\"5 3 19 12 5 21 5 3\"\u001b[39m\n                  \u001b[36m/>\u001b[39m\n                \u001b[36m</svg>\u001b[39m\n              \u001b[36m</button>\u001b[39m\n              \u001b[36m<button\u001b[39m\n                \u001b[33mclass\u001b[39m=\u001b[32m\"absolute bottom-0 right-0 p-0.5 text-gray-500 hover:text-gray-200 bg-gray-800/90 hover:bg-gray-700/90 rounded-sm transition-colors border border-gray-600/50\"\u001b[39m\n                \u001b[33mtitle\u001b[39m=\u001b[32m\"Toggle mode\"\u001b[39m\n              \u001b[36m>\u001b[39m\n                \u001b[36m<svg\u001b[39m\n                  \u001b[33mclass\u001b[39m=\u001b[32m\"lucide lucide-pause \"\u001b[39m\n                  \u001b[33mfill\u001b[39m=\u001b[32m\"none\"\u001b[39m\n                ..."],"location":{"line":37,"column":19}},{"ancestorTitles":["","SliceList"],"fullName":" SliceList calls onDelete when delete button clicked","status":"passed","title":"calls onDelete when delete button clicked","duration":185,"failureMessages":[]},{"ancestorTitles":["","SliceList"],"fullName":" SliceList shows download button only for slices with files","status":"passed","title":"shows download button only for slices with files","duration":27,"failureMessages":[]},{"ancestorTitles":["","SliceList"],"fullName":" SliceList download link has correct href","status":"passed","title":"download link has correct href","duration":27,"failureMessages":[]}],"startTime":1772497907697,"endTime":1772497908397,"status":"failed","message":"","name":"C:/Users/david/Downloads/SampleSolution/frontend/src/components/SliceList.test.tsx"},{"assertionResults":[{"ancestorTitles":["","TagManager"],"fullName":" TagManager renders create tag form","status":"passed","title":"renders create tag form","duration":408,"failureMessages":[]},{"ancestorTitles":["","TagManager"],"fullName":" TagManager renders existing tags after loading","status":"passed","title":"renders existing tags after loading","duration":139,"failureMessages":[]},{"ancestorTitles":["","TagManager"],"fullName":" TagManager shows tag count in header","status":"passed","title":"shows tag count in header","duration":69,"failureMessages":[]},{"ancestorTitles":["","TagManager"],"fullName":" TagManager shows empty state when no tags","status":"passed","title":"shows empty state when no tags","duration":46,"failureMessages":[]},{"ancestorTitles":["","TagManager"],"fullName":" TagManager creates a new tag","status":"passed","title":"creates a new tag","duration":459,"failureMessages":[]},{"ancestorTitles":["","TagManager"],"fullName":" TagManager disables create button when input is empty","status":"passed","title":"disables create button when input is empty","duration":120,"failureMessages":[]},{"ancestorTitles":["","TagManager"],"fullName":" TagManager enables create button when input has text","status":"passed","title":"enables create button when input has text","duration":305,"failureMessages":[]},{"ancestorTitles":["","TagManager"],"fullName":" TagManager shows tag preview","status":"passed","title":"shows tag preview","duration":125,"failureMessages":[]},{"ancestorTitles":["","TagManager"],"fullName":" TagManager renders color picker with preset colors","status":"passed","title":"renders color picker with preset colors","duration":84,"failureMessages":[]},{"ancestorTitles":["","TagManager"],"fullName":" TagManager selects a color","status":"passed","title":"selects a color","duration":108,"failureMessages":[]},{"ancestorTitles":["","TagManager"],"fullName":" TagManager shows info section about tags","status":"passed","title":"shows info section about tags","duration":11,"failureMessages":[]}],"startTime":1772497907645,"endTime":1772497909525,"status":"passed","message":"","name":"C:/Users/david/Downloads/SampleSolution/frontend/src/components/TagManager.test.tsx"},{"assertionResults":[{"ancestorTitles":["","TrackList"],"fullName":" TrackList renders loading state initially","status":"passed","title":"renders loading state initially","duration":70,"failureMessages":[]},{"ancestorTitles":["","TrackList"],"fullName":" TrackList renders tracks after loading","status":"passed","title":"renders tracks after loading","duration":101,"failureMessages":[]},{"ancestorTitles":["","TrackList"],"fullName":" TrackList renders empty state when no tracks","status":"passed","title":"renders empty state when no tracks","duration":34,"failureMessages":[]},{"ancestorTitles":["","TrackList"],"fullName":" TrackList renders track count in header","status":"passed","title":"renders track count in header","duration":49,"failureMessages":[]},{"ancestorTitles":["","TrackList"],"fullName":" TrackList calls onSelectTrack when clicking a track","status":"failed","title":"calls onSelectTrack when clicking a track","duration":234,"failureMessages":["expected \"spy\" to be called with arguments: [ ObjectContaining{…} ]\u001b[90m\n\nReceived: \n\n\u001b[39m\u001b[90m\n\nNumber of calls: \u001b[1m0\u001b[22m\n\u001b[39m"],"location":{"line":64,"column":31}},{"ancestorTitles":["","TrackList"],"fullName":" TrackList highlights selected track","status":"failed","title":"highlights selected track","duration":54,"failureMessages":["\u001b[2mexpect(\u001b[22m\u001b[31melement\u001b[39m\u001b[2m).toHaveClass(\u001b[22m\u001b[32m\u001b[32m\"bg-indigo-900/30\"\u001b[32m\u001b[39m\u001b[2m)\u001b[22m\n\nExpected the element to have class:\n\u001b[32m  bg-indigo-900/30\u001b[39m\nReceived:\n\u001b[31m  group flex items-center gap-1 cursor-pointer min-w-0\u001b[39m"],"location":{"line":78,"column":26}},{"ancestorTitles":["","TrackList"],"fullName":" TrackList shows quick add input","status":"passed","title":"shows quick add input","duration":30,"failureMessages":[]},{"ancestorTitles":["","TrackList"],"fullName":" TrackList submits URL via quick add","status":"passed","title":"submits URL via quick add","duration":636,"failureMessages":[]},{"ancestorTitles":["","TrackList"],"fullName":" TrackList displays track tags","status":"passed","title":"displays track tags","duration":23,"failureMessages":[]},{"ancestorTitles":["","TrackList"],"fullName":" TrackList shows status icons for tracks","status":"passed","title":"shows status icons for tracks","duration":45,"failureMessages":[]}],"startTime":1772497907688,"endTime":1772497908969,"status":"failed","message":"","name":"C:/Users/david/Downloads/SampleSolution/frontend/src/components/TrackList.test.tsx"},{"assertionResults":[{"ancestorTitles":["","YouTubeSearch"],"fullName":" YouTubeSearch renders search input and button","status":"passed","title":"renders search input and button","duration":174,"failureMessages":[]},{"ancestorTitles":["","YouTubeSearch"],"fullName":" YouTubeSearch shows empty state before searching","status":"passed","title":"shows empty state before searching","duration":23,"failureMessages":[]},{"ancestorTitles":["","YouTubeSearch"],"fullName":" YouTubeSearch shows results after searching","status":"passed","title":"shows results after searching","duration":398,"failureMessages":[]},{"ancestorTitles":["","YouTubeSearch"],"fullName":" YouTubeSearch shows results header with search term","status":"passed","title":"shows results header with search term","duration":246,"failureMessages":[]},{"ancestorTitles":["","YouTubeSearch"],"fullName":" YouTubeSearch shows no results message","status":"passed","title":"shows no results message","duration":236,"failureMessages":[]},{"ancestorTitles":["","YouTubeSearch"],"fullName":" YouTubeSearch shows error message on API failure","status":"passed","title":"shows error message on API failure","duration":125,"failureMessages":[]},{"ancestorTitles":["","YouTubeSearch"],"fullName":" YouTubeSearch adds track and calls onTrackAdded","status":"passed","title":"adds track and calls onTrackAdded","duration":245,"failureMessages":[]},{"ancestorTitles":["","YouTubeSearch"],"fullName":" YouTubeSearch disables search button when input is empty","status":"passed","title":"disables search button when input is empty","duration":26,"failureMessages":[]},{"ancestorTitles":["","YouTubeSearch"],"fullName":" YouTubeSearch enables search button when input has text","status":"passed","title":"enables search button when input has text","duration":72,"failureMessages":[]}],"startTime":1772497907643,"endTime":1772497909188,"status":"passed","message":"","name":"C:/Users/david/Downloads/SampleSolution/frontend/src/components/YouTubeSearch.test.tsx"},{"assertionResults":[{"ancestorTitles":["","applyBulkRenameRules"],"fullName":" applyBulkRenameRules applies search/replace with case-insensitive matching by default","status":"passed","title":"applies search/replace with case-insensitive matching by default","duration":5,"failureMessages":[]},{"ancestorTitles":["","applyBulkRenameRules"],"fullName":" applyBulkRenameRules supports case conversion modes","status":"passed","title":"supports case conversion modes","duration":1,"failureMessages":[]},{"ancestorTitles":["","applyBulkRenameRules"],"fullName":" applyBulkRenameRules adds numbering as suffix","status":"passed","title":"adds numbering as suffix","duration":1,"failureMessages":[]},{"ancestorTitles":["","applyBulkRenameRules"],"fullName":" applyBulkRenameRules adds numbering as prefix","status":"passed","title":"adds numbering as prefix","duration":1,"failureMessages":[]},{"ancestorTitles":["","applyBulkRenameRules"],"fullName":" applyBulkRenameRules supports native regex replacement","status":"passed","title":"supports native regex replacement","duration":1,"failureMessages":[]},{"ancestorTitles":["","applyBulkRenameRules"],"fullName":" applyBulkRenameRules supports match-only mode without replacement","status":"passed","title":"supports match-only mode without replacement","duration":0,"failureMessages":[]},{"ancestorTitles":["","applyBulkRenameRules"],"fullName":" applyBulkRenameRules ignores invalid regex patterns safely","status":"passed","title":"ignores invalid regex patterns safely","duration":1,"failureMessages":[]},{"ancestorTitles":["","matchesBulkRenameSearchText"],"fullName":" matchesBulkRenameSearchText matches using native regex when enabled","status":"passed","title":"matches using native regex when enabled","duration":1,"failureMessages":[]},{"ancestorTitles":["","matchesBulkRenameSearchText"],"fullName":" matchesBulkRenameSearchText returns false for invalid regex patterns","status":"passed","title":"returns false for invalid regex patterns","duration":0,"failureMessages":[]}],"startTime":1772497906229,"endTime":1772497906242,"status":"passed","message":"","name":"C:/Users/david/Downloads/SampleSolution/frontend/src/utils/bulkRename.test.ts"},{"assertionResults":[{"ancestorTitles":["","buildFeatureMatrix tag dimensions"],"fullName":" buildFeatureMatrix tag dimensions adds tag dimensions so tags influence projection input","status":"passed","title":"adds tag dimensions so tags influence projection input","duration":6,"failureMessages":[]},{"ancestorTitles":["","buildFeatureMatrix tag dimensions"],"fullName":" buildFeatureMatrix tag dimensions excludes derived tags like brightness by default","status":"passed","title":"excludes derived tags like brightness by default","duration":1,"failureMessages":[]},{"ancestorTitles":["","buildFeatureMatrix tag dimensions"],"fullName":" buildFeatureMatrix tag dimensions can include derived tags when excludeDerived is disabled","status":"passed","title":"can include derived tags when excludeDerived is disabled","duration":4,"failureMessages":[]}],"startTime":1772497906230,"endTime":1772497906242,"status":"passed","message":"","name":"C:/Users/david/Downloads/SampleSolution/frontend/src/utils/featureMatrix.test.ts"},{"assertionResults":[{"ancestorTitles":["","importCollectionStrategy"],"fullName":" importCollectionStrategy uses the imported root folder as the default collection name","status":"passed","title":"uses the imported root folder as the default collection name","duration":4,"failureMessages":[]},{"ancestorTitles":["","importCollectionStrategy"],"fullName":" importCollectionStrategy groups imports by first-level subfolder and rewrites preserve paths","status":"passed","title":"groups imports by first-level subfolder and rewrites preserve paths","duration":19,"failureMessages":[]}],"startTime":1772497906203,"endTime":1772497906226,"status":"passed","message":"","name":"C:/Users/david/Downloads/SampleSolution/frontend/src/utils/importCollectionStrategy.test.ts"},{"assertionResults":[{"ancestorTitles":["","assignImportsPreservingStructure"],"fullName":" assignImportsPreservingStructure keeps the selected parent folder when bypassParentFolder is false","status":"passed","title":"keeps the selected parent folder when bypassParentFolder is false","duration":9,"failureMessages":[]},{"ancestorTitles":["","assignImportsPreservingStructure"],"fullName":" assignImportsPreservingStructure skips the selected parent folder when bypassParentFolder is true","status":"passed","title":"skips the selected parent folder when bypassParentFolder is true","duration":3,"failureMessages":[]},{"ancestorTitles":["","assignImportsPreservingStructure"],"fullName":" assignImportsPreservingStructure can preserve directly under a collection root without creating a dated wrapper folder","status":"passed","title":"can preserve directly under a collection root without creating a dated wrapper folder","duration":2,"failureMessages":[]}],"startTime":1772497906228,"endTime":1772497906242,"status":"passed","message":"","name":"C:/Users/david/Downloads/SampleSolution/frontend/src/utils/importStructure.test.ts"},{"assertionResults":[{"ancestorTitles":["","freqToPitchDisplay"],"fullName":" freqToPitchDisplay formats concert A as A4 with zero cents","status":"passed","title":"formats concert A as A4 with zero cents","duration":3,"failureMessages":[]},{"ancestorTitles":["","freqToPitchDisplay"],"fullName":" freqToPitchDisplay reports signed cents around the nearest semitone","status":"passed","title":"reports signed cents around the nearest semitone","duration":1,"failureMessages":[]},{"ancestorTitles":["","freqToPitchDisplay"],"fullName":" freqToPitchDisplay stays compatible with note-class extraction","status":"passed","title":"stays compatible with note-class extraction","duration":0,"failureMessages":[]},{"ancestorTitles":["","freqToPitchDisplay"],"fullName":" freqToPitchDisplay returns null for invalid or non-positive frequencies","status":"passed","title":"returns null for invalid or non-positive frequencies","duration":1,"failureMessages":[]}],"startTime":1772497906201,"endTime":1772497906206,"status":"passed","message":"","name":"C:/Users/david/Downloads/SampleSolution/frontend/src/utils/musicTheory.test.ts"},{"assertionResults":[{"ancestorTitles":["","matchesSampleSearchTerm"],"fullName":" matchesSampleSearchTerm does not match path-only text in all-fields scope","status":"passed","title":"does not match path-only text in all-fields scope","duration":2,"failureMessages":[]},{"ancestorTitles":["","matchesSampleSearchTerm"],"fullName":" matchesSampleSearchTerm matches path text when custom scope includes path","status":"passed","title":"matches path text when custom scope includes path","duration":1,"failureMessages":[]},{"ancestorTitles":["","matchesSampleSearchTerm"],"fullName":" matchesSampleSearchTerm still matches sample names in all-fields scope","status":"passed","title":"still matches sample names in all-fields scope","duration":0,"failureMessages":[]}],"startTime":1772497906201,"endTime":1772497906204,"status":"passed","message":"","name":"C:/Users/david/Downloads/SampleSolution/frontend/src/utils/sampleSearch.test.ts"},{"assertionResults":[{"ancestorTitles":["","matchesStereoChannelMode"],"fullName":" matchesStereoChannelMode returns true for all mode","status":"passed","title":"returns true for all mode","duration":2,"failureMessages":[]},{"ancestorTitles":["","matchesStereoChannelMode"],"fullName":" matchesStereoChannelMode uses raw stereoWidth before channels","status":"passed","title":"uses raw stereoWidth before channels","duration":0,"failureMessages":[]},{"ancestorTitles":["","matchesStereoChannelMode"],"fullName":" matchesStereoChannelMode treats stereoWidth threshold boundary as mono","status":"passed","title":"treats stereoWidth threshold boundary as mono","duration":1,"failureMessages":[]},{"ancestorTitles":["","matchesStereoChannelMode"],"fullName":" matchesStereoChannelMode uses mono tag fallback when stereoWidth is unavailable","status":"passed","title":"uses mono tag fallback when stereoWidth is unavailable","duration":0,"failureMessages":[]},{"ancestorTitles":["","matchesStereoChannelMode"],"fullName":" matchesStereoChannelMode uses channels fallback when needed","status":"passed","title":"uses channels fallback when needed","duration":1,"failureMessages":[]},{"ancestorTitles":["","matchesStereoChannelMode"],"fullName":" matchesStereoChannelMode uses normalized fallback for legacy samples with no other signal","status":"passed","title":"uses normalized fallback for legacy samples with no other signal","duration":0,"failureMessages":[]},{"ancestorTitles":["","matchesStereoChannelMode"],"fullName":" matchesStereoChannelMode returns false when mono/stereo cannot be determined","status":"passed","title":"returns false when mono/stereo cannot be determined","duration":0,"failureMessages":[]}],"startTime":1772497906199,"endTime":1772497906204,"status":"passed","message":"","name":"C:/Users/david/Downloads/SampleSolution/frontend/src/utils/stereoChannelMode.test.ts"},{"assertionResults":[{"ancestorTitles":["","tourEventGuards"],"fullName":" tourEventGuards treats non-trusted clicks as synthetic","status":"passed","title":"treats non-trusted clicks as synthetic","duration":1,"failureMessages":[]},{"ancestorTitles":["","tourEventGuards"],"fullName":" tourEventGuards ignores programmatic element.click events","status":"passed","title":"ignores programmatic element.click events","duration":3,"failureMessages":[]},{"ancestorTitles":["","tourEventGuards"],"fullName":" tourEventGuards advances exactly once for a trusted click after synthetic attempts","status":"passed","title":"advances exactly once for a trusted click after synthetic attempts","duration":1,"failureMessages":[]}],"startTime":1772497906181,"endTime":1772497906186,"status":"passed","message":"","name":"C:/Users/david/Downloads/SampleSolution/frontend/src/utils/tourEventGuards.test.ts"}]}
