{"numTotalTestSuites":31,"numPassedTestSuites":31,"numFailedTestSuites":0,"numPendingTestSuites":0,"numTotalTests":94,"numPassedTests":94,"numFailedTests":0,"numPendingTests":0,"numTodoTests":0,"startTime":1772498849430,"success":true,"testResults":[{"assertionResults":[{"ancestorTitles":["","LinkImport"],"fullName":" LinkImport renders textarea and buttons","status":"passed","title":"renders textarea and buttons","duration":398,"failureMessages":[]},{"ancestorTitles":["","LinkImport"],"fullName":" LinkImport shows placeholder with format examples","status":"passed","title":"shows placeholder with format examples","duration":54,"failureMessages":[]},{"ancestorTitles":["","LinkImport"],"fullName":" LinkImport shows line count","status":"passed","title":"shows line count","duration":258,"failureMessages":[]},{"ancestorTitles":["","LinkImport"],"fullName":" LinkImport clears textarea when Clear button clicked","status":"passed","title":"clears textarea when Clear button clicked","duration":263,"failureMessages":[]},{"ancestorTitles":["","LinkImport"],"fullName":" LinkImport disables Import button when textarea is empty","status":"passed","title":"disables Import button when textarea is empty","duration":143,"failureMessages":[]},{"ancestorTitles":["","LinkImport"],"fullName":" LinkImport enables Import button when textarea has content","status":"passed","title":"enables Import button when textarea has content","duration":406,"failureMessages":[]},{"ancestorTitles":["","LinkImport"],"fullName":" LinkImport imports URLs and shows success message","status":"passed","title":"imports URLs and shows success message","duration":741,"failureMessages":[]},{"ancestorTitles":["","LinkImport"],"fullName":" LinkImport shows failed imports","status":"passed","title":"shows failed imports","duration":293,"failureMessages":[]},{"ancestorTitles":["","LinkImport"],"fullName":" LinkImport does not call onTracksAdded when all imports fail","status":"passed","title":"does not call onTracksAdded when all imports fail","duration":214,"failureMessages":[]}],"startTime":1772498854314,"endTime":1772498857085,"status":"passed","message":"","name":"C:/Users/david/Downloads/SampleSolution/frontend/src/components/LinkImport.test.tsx"},{"assertionResults":[{"ancestorTitles":["","PlaylistImport","when not authenticated"],"fullName":" PlaylistImport when not authenticated shows login prompt","status":"passed","title":"shows login prompt","duration":80,"failureMessages":[]},{"ancestorTitles":["","PlaylistImport","when not authenticated"],"fullName":" PlaylistImport when not authenticated shows sign in button","status":"passed","title":"shows sign in button","duration":202,"failureMessages":[]},{"ancestorTitles":["","PlaylistImport","when not authenticated"],"fullName":" PlaylistImport when not authenticated sign in link points to auth endpoint","status":"passed","title":"sign in link points to auth endpoint","duration":97,"failureMessages":[]},{"ancestorTitles":["","PlaylistImport","when authenticated"],"fullName":" PlaylistImport when authenticated shows playlists after loading","status":"passed","title":"shows playlists after loading","duration":53,"failureMessages":[]},{"ancestorTitles":["","PlaylistImport","when authenticated"],"fullName":" PlaylistImport when authenticated shows Your Playlists header","status":"passed","title":"shows Your Playlists header","duration":14,"failureMessages":[]},{"ancestorTitles":["","PlaylistImport","when authenticated"],"fullName":" PlaylistImport when authenticated shows playlist items when playlist is selected","status":"passed","title":"shows playlist items when playlist is selected","duration":146,"failureMessages":[]},{"ancestorTitles":["","PlaylistImport","when authenticated"],"fullName":" PlaylistImport when authenticated shows back button when viewing playlist items","status":"passed","title":"shows back button when viewing playlist items","duration":80,"failureMessages":[]},{"ancestorTitles":["","PlaylistImport","when authenticated"],"fullName":" PlaylistImport when authenticated goes back to playlist list when back clicked","status":"passed","title":"goes back to playlist list when back clicked","duration":143,"failureMessages":[]},{"ancestorTitles":["","PlaylistImport","when authenticated"],"fullName":" PlaylistImport when authenticated shows Select All button when viewing items","status":"passed","title":"shows Select All button when viewing items","duration":70,"failureMessages":[]},{"ancestorTitles":["","PlaylistImport","when authenticated"],"fullName":" PlaylistImport when authenticated selects videos with checkboxes","status":"passed","title":"selects videos with checkboxes","duration":146,"failureMessages":[]},{"ancestorTitles":["","PlaylistImport","when authenticated"],"fullName":" PlaylistImport when authenticated shows import button with count","status":"passed","title":"shows import button with count","duration":123,"failureMessages":[]},{"ancestorTitles":["","PlaylistImport","when authenticated"],"fullName":" PlaylistImport when authenticated shows no playlists message when empty","status":"passed","title":"shows no playlists message when empty","duration":22,"failureMessages":[]}],"startTime":1772498854216,"endTime":1772498855405,"status":"passed","message":"","name":"C:/Users/david/Downloads/SampleSolution/frontend/src/components/PlaylistImport.test.tsx"},{"assertionResults":[{"ancestorTitles":["","SliceList"],"fullName":" SliceList shows empty state when no slices","status":"passed","title":"shows empty state when no slices","duration":88,"failureMessages":[]},{"ancestorTitles":["","SliceList"],"fullName":" SliceList renders slices with names","status":"passed","title":"renders slices with names","duration":119,"failureMessages":[]},{"ancestorTitles":["","SliceList"],"fullName":" SliceList shows slice count in header","status":"passed","title":"shows slice count in header","duration":38,"failureMessages":[]},{"ancestorTitles":["","SliceList"],"fullName":" SliceList displays time ranges","status":"passed","title":"displays time ranges","duration":71,"failureMessages":[]},{"ancestorTitles":["","SliceList"],"fullName":" SliceList displays slice tags","status":"passed","title":"displays slice tags","duration":36,"failureMessages":[]},{"ancestorTitles":["","SliceList"],"fullName":" SliceList calls onPlay when play button clicked","status":"passed","title":"calls onPlay when play button clicked","duration":173,"failureMessages":[]},{"ancestorTitles":["","SliceList"],"fullName":" SliceList calls onDelete when delete button clicked","status":"passed","title":"calls onDelete when delete button clicked","duration":87,"failureMessages":[]},{"ancestorTitles":["","SliceList"],"fullName":" SliceList shows download button only for slices with files","status":"passed","title":"shows download button only for slices with files","duration":16,"failureMessages":[]},{"ancestorTitles":["","SliceList"],"fullName":" SliceList download link has correct href","status":"passed","title":"download link has correct href","duration":15,"failureMessages":[]}],"startTime":1772498854292,"endTime":1772498854951,"status":"passed","message":"","name":"C:/Users/david/Downloads/SampleSolution/frontend/src/components/SliceList.test.tsx"},{"assertionResults":[{"ancestorTitles":["","TagManager"],"fullName":" TagManager renders create tag form","status":"passed","title":"renders create tag form","duration":328,"failureMessages":[]},{"ancestorTitles":["","TagManager"],"fullName":" TagManager renders existing tags after loading","status":"passed","title":"renders existing tags after loading","duration":88,"failureMessages":[]},{"ancestorTitles":["","TagManager"],"fullName":" TagManager shows tag count in header","status":"passed","title":"shows tag count in header","duration":59,"failureMessages":[]},{"ancestorTitles":["","TagManager"],"fullName":" TagManager shows empty state when no tags","status":"passed","title":"shows empty state when no tags","duration":31,"failureMessages":[]},{"ancestorTitles":["","TagManager"],"fullName":" TagManager creates a new tag","status":"passed","title":"creates a new tag","duration":409,"failureMessages":[]},{"ancestorTitles":["","TagManager"],"fullName":" TagManager disables create button when input is empty","status":"passed","title":"disables create button when input is empty","duration":128,"failureMessages":[]},{"ancestorTitles":["","TagManager"],"fullName":" TagManager enables create button when input has text","status":"passed","title":"enables create button when input has text","duration":266,"failureMessages":[]},{"ancestorTitles":["","TagManager"],"fullName":" TagManager shows tag preview","status":"passed","title":"shows tag preview","duration":146,"failureMessages":[]},{"ancestorTitles":["","TagManager"],"fullName":" TagManager renders color picker with preset colors","status":"passed","title":"renders color picker with preset colors","duration":93,"failureMessages":[]},{"ancestorTitles":["","TagManager"],"fullName":" TagManager selects a color","status":"passed","title":"selects a color","duration":130,"failureMessages":[]},{"ancestorTitles":["","TagManager"],"fullName":" TagManager shows info section about tags","status":"passed","title":"shows info section about tags","duration":11,"failureMessages":[]}],"startTime":1772498854225,"endTime":1772498855915,"status":"passed","message":"","name":"C:/Users/david/Downloads/SampleSolution/frontend/src/components/TagManager.test.tsx"},{"assertionResults":[{"ancestorTitles":["","TrackList"],"fullName":" TrackList renders loading state initially","status":"passed","title":"renders loading state initially","duration":70,"failureMessages":[]},{"ancestorTitles":["","TrackList"],"fullName":" TrackList renders tracks after loading","status":"passed","title":"renders tracks after loading","duration":88,"failureMessages":[]},{"ancestorTitles":["","TrackList"],"fullName":" TrackList renders empty state when no tracks","status":"passed","title":"renders empty state when no tracks","duration":24,"failureMessages":[]},{"ancestorTitles":["","TrackList"],"fullName":" TrackList renders track count in header","status":"passed","title":"renders track count in header","duration":51,"failureMessages":[]},{"ancestorTitles":["","TrackList"],"fullName":" TrackList calls onSelectTrack when clicking a track","status":"passed","title":"calls onSelectTrack when clicking a track","duration":165,"failureMessages":[]},{"ancestorTitles":["","TrackList"],"fullName":" TrackList highlights selected track","status":"passed","title":"highlights selected track","duration":41,"failureMessages":[]},{"ancestorTitles":["","TrackList"],"fullName":" TrackList shows quick add input","status":"passed","title":"shows quick add input","duration":21,"failureMessages":[]},{"ancestorTitles":["","TrackList"],"fullName":" TrackList submits URL via quick add","status":"passed","title":"submits URL via quick add","duration":565,"failureMessages":[]},{"ancestorTitles":["","TrackList"],"fullName":" TrackList displays track tags","status":"passed","title":"displays track tags","duration":26,"failureMessages":[]},{"ancestorTitles":["","TrackList"],"fullName":" TrackList shows status icons for tracks","status":"passed","title":"shows status icons for tracks","duration":27,"failureMessages":[]}],"startTime":1772498854259,"endTime":1772498855339,"status":"passed","message":"","name":"C:/Users/david/Downloads/SampleSolution/frontend/src/components/TrackList.test.tsx"},{"assertionResults":[{"ancestorTitles":["","YouTubeSearch"],"fullName":" YouTubeSearch renders search input and button","status":"passed","title":"renders search input and button","duration":142,"failureMessages":[]},{"ancestorTitles":["","YouTubeSearch"],"fullName":" YouTubeSearch shows empty state before searching","status":"passed","title":"shows empty state before searching","duration":14,"failureMessages":[]},{"ancestorTitles":["","YouTubeSearch"],"fullName":" YouTubeSearch shows results after searching","status":"passed","title":"shows results after searching","duration":361,"failureMessages":[]},{"ancestorTitles":["","YouTubeSearch"],"fullName":" YouTubeSearch shows results header with search term","status":"passed","title":"shows results header with search term","duration":185,"failureMessages":[]},{"ancestorTitles":["","YouTubeSearch"],"fullName":" YouTubeSearch shows no results message","status":"passed","title":"shows no results message","duration":222,"failureMessages":[]},{"ancestorTitles":["","YouTubeSearch"],"fullName":" YouTubeSearch shows error message on API failure","status":"passed","title":"shows error message on API failure","duration":121,"failureMessages":[]},{"ancestorTitles":["","YouTubeSearch"],"fullName":" YouTubeSearch adds track and calls onTrackAdded","status":"passed","title":"adds track and calls onTrackAdded","duration":224,"failureMessages":[]},{"ancestorTitles":["","YouTubeSearch"],"fullName":" YouTubeSearch disables search button when input is empty","status":"passed","title":"disables search button when input is empty","duration":20,"failureMessages":[]},{"ancestorTitles":["","YouTubeSearch"],"fullName":" YouTubeSearch enables search button when input has text","status":"passed","title":"enables search button when input has text","duration":85,"failureMessages":[]}],"startTime":1772498854214,"endTime":1772498855588,"status":"passed","message":"","name":"C:/Users/david/Downloads/SampleSolution/frontend/src/components/YouTubeSearch.test.tsx"},{"assertionResults":[{"ancestorTitles":["","applyBulkRenameRules"],"fullName":" applyBulkRenameRules applies search/replace with case-insensitive matching by default","status":"passed","title":"applies search/replace with case-insensitive matching by default","duration":4,"failureMessages":[]},{"ancestorTitles":["","applyBulkRenameRules"],"fullName":" applyBulkRenameRules supports case conversion modes","status":"passed","title":"supports case conversion modes","duration":2,"failureMessages":[]},{"ancestorTitles":["","applyBulkRenameRules"],"fullName":" applyBulkRenameRules adds numbering as suffix","status":"passed","title":"adds numbering as suffix","duration":0,"failureMessages":[]},{"ancestorTitles":["","applyBulkRenameRules"],"fullName":" applyBulkRenameRules adds numbering as prefix","status":"passed","title":"adds numbering as prefix","duration":1,"failureMessages":[]},{"ancestorTitles":["","applyBulkRenameRules"],"fullName":" applyBulkRenameRules supports native regex replacement","status":"passed","title":"supports native regex replacement","duration":1,"failureMessages":[]},{"ancestorTitles":["","applyBulkRenameRules"],"fullName":" applyBulkRenameRules supports match-only mode without replacement","status":"passed","title":"supports match-only mode without replacement","duration":1,"failureMessages":[]},{"ancestorTitles":["","applyBulkRenameRules"],"fullName":" applyBulkRenameRules ignores invalid regex patterns safely","status":"passed","title":"ignores invalid regex patterns safely","duration":0,"failureMessages":[]},{"ancestorTitles":["","matchesBulkRenameSearchText"],"fullName":" matchesBulkRenameSearchText matches using native regex when enabled","status":"passed","title":"matches using native regex when enabled","duration":1,"failureMessages":[]},{"ancestorTitles":["","matchesBulkRenameSearchText"],"fullName":" matchesBulkRenameSearchText returns false for invalid regex patterns","status":"passed","title":"returns false for invalid regex patterns","duration":0,"failureMessages":[]}],"startTime":1772498853051,"endTime":1772498853063,"status":"passed","message":"","name":"C:/Users/david/Downloads/SampleSolution/frontend/src/utils/bulkRename.test.ts"},{"assertionResults":[{"ancestorTitles":["","buildFeatureMatrix tag dimensions"],"fullName":" buildFeatureMatrix tag dimensions adds tag dimensions so tags influence projection input","status":"passed","title":"adds tag dimensions so tags influence projection input","duration":6,"failureMessages":[]},{"ancestorTitles":["","buildFeatureMatrix tag dimensions"],"fullName":" buildFeatureMatrix tag dimensions excludes derived tags like brightness by default","status":"passed","title":"excludes derived tags like brightness by default","duration":2,"failureMessages":[]},{"ancestorTitles":["","buildFeatureMatrix tag dimensions"],"fullName":" buildFeatureMatrix tag dimensions can include derived tags when excludeDerived is disabled","status":"passed","title":"can include derived tags when excludeDerived is disabled","duration":3,"failureMessages":[]}],"startTime":1772498853056,"endTime":1772498853067,"status":"passed","message":"","name":"C:/Users/david/Downloads/SampleSolution/frontend/src/utils/featureMatrix.test.ts"},{"assertionResults":[{"ancestorTitles":["","importCollectionStrategy"],"fullName":" importCollectionStrategy uses the imported root folder as the default collection name","status":"passed","title":"uses the imported root folder as the default collection name","duration":3,"failureMessages":[]},{"ancestorTitles":["","importCollectionStrategy"],"fullName":" importCollectionStrategy groups imports by first-level subfolder and rewrites preserve paths","status":"passed","title":"groups imports by first-level subfolder and rewrites preserve paths","duration":29,"failureMessages":[]}],"startTime":1772498853023,"endTime":1772498853055,"status":"passed","message":"","name":"C:/Users/david/Downloads/SampleSolution/frontend/src/utils/importCollectionStrategy.test.ts"},{"assertionResults":[{"ancestorTitles":["","assignImportsPreservingStructure"],"fullName":" assignImportsPreservingStructure keeps the selected parent folder when bypassParentFolder is false","status":"passed","title":"keeps the selected parent folder when bypassParentFolder is false","duration":7,"failureMessages":[]},{"ancestorTitles":["","assignImportsPreservingStructure"],"fullName":" assignImportsPreservingStructure skips the selected parent folder when bypassParentFolder is true","status":"passed","title":"skips the selected parent folder when bypassParentFolder is true","duration":1,"failureMessages":[]},{"ancestorTitles":["","assignImportsPreservingStructure"],"fullName":" assignImportsPreservingStructure can preserve directly under a collection root without creating a dated wrapper folder","status":"passed","title":"can preserve directly under a collection root without creating a dated wrapper folder","duration":1,"failureMessages":[]}],"startTime":1772498853061,"endTime":1772498853070,"status":"passed","message":"","name":"C:/Users/david/Downloads/SampleSolution/frontend/src/utils/importStructure.test.ts"},{"assertionResults":[{"ancestorTitles":["","freqToPitchDisplay"],"fullName":" freqToPitchDisplay formats concert A as A4 with zero cents","status":"passed","title":"formats concert A as A4 with zero cents","duration":2,"failureMessages":[]},{"ancestorTitles":["","freqToPitchDisplay"],"fullName":" freqToPitchDisplay reports signed cents around the nearest semitone","status":"passed","title":"reports signed cents around the nearest semitone","duration":0,"failureMessages":[]},{"ancestorTitles":["","freqToPitchDisplay"],"fullName":" freqToPitchDisplay stays compatible with note-class extraction","status":"passed","title":"stays compatible with note-class extraction","duration":0,"failureMessages":[]},{"ancestorTitles":["","freqToPitchDisplay"],"fullName":" freqToPitchDisplay returns null for invalid or non-positive frequencies","status":"passed","title":"returns null for invalid or non-positive frequencies","duration":0,"failureMessages":[]}],"startTime":1772498853010,"endTime":1772498853012,"status":"passed","message":"","name":"C:/Users/david/Downloads/SampleSolution/frontend/src/utils/musicTheory.test.ts"},{"assertionResults":[{"ancestorTitles":["","matchesSampleSearchTerm"],"fullName":" matchesSampleSearchTerm does not match path-only text in all-fields scope","status":"passed","title":"does not match path-only text in all-fields scope","duration":2,"failureMessages":[]},{"ancestorTitles":["","matchesSampleSearchTerm"],"fullName":" matchesSampleSearchTerm matches path text when custom scope includes path","status":"passed","title":"matches path text when custom scope includes path","duration":0,"failureMessages":[]},{"ancestorTitles":["","matchesSampleSearchTerm"],"fullName":" matchesSampleSearchTerm still matches sample names in all-fields scope","status":"passed","title":"still matches sample names in all-fields scope","duration":1,"failureMessages":[]}],"startTime":1772498853033,"endTime":1772498853036,"status":"passed","message":"","name":"C:/Users/david/Downloads/SampleSolution/frontend/src/utils/sampleSearch.test.ts"},{"assertionResults":[{"ancestorTitles":["","matchesStereoChannelMode"],"fullName":" matchesStereoChannelMode returns true for all mode","status":"passed","title":"returns true for all mode","duration":1,"failureMessages":[]},{"ancestorTitles":["","matchesStereoChannelMode"],"fullName":" matchesStereoChannelMode uses raw stereoWidth before channels","status":"passed","title":"uses raw stereoWidth before channels","duration":0,"failureMessages":[]},{"ancestorTitles":["","matchesStereoChannelMode"],"fullName":" matchesStereoChannelMode treats stereoWidth threshold boundary as mono","status":"passed","title":"treats stereoWidth threshold boundary as mono","duration":0,"failureMessages":[]},{"ancestorTitles":["","matchesStereoChannelMode"],"fullName":" matchesStereoChannelMode uses mono tag fallback when stereoWidth is unavailable","status":"passed","title":"uses mono tag fallback when stereoWidth is unavailable","duration":1,"failureMessages":[]},{"ancestorTitles":["","matchesStereoChannelMode"],"fullName":" matchesStereoChannelMode uses channels fallback when needed","status":"passed","title":"uses channels fallback when needed","duration":0,"failureMessages":[]},{"ancestorTitles":["","matchesStereoChannelMode"],"fullName":" matchesStereoChannelMode uses normalized fallback for legacy samples with no other signal","status":"passed","title":"uses normalized fallback for legacy samples with no other signal","duration":0,"failureMessages":[]},{"ancestorTitles":["","matchesStereoChannelMode"],"fullName":" matchesStereoChannelMode returns false when mono/stereo cannot be determined","status":"passed","title":"returns false when mono/stereo cannot be determined","duration":0,"failureMessages":[]}],"startTime":1772498853009,"endTime":1772498853011,"status":"passed","message":"","name":"C:/Users/david/Downloads/SampleSolution/frontend/src/utils/stereoChannelMode.test.ts"},{"assertionResults":[{"ancestorTitles":["","tourEventGuards"],"fullName":" tourEventGuards treats non-trusted clicks as synthetic","status":"passed","title":"treats non-trusted clicks as synthetic","duration":1,"failureMessages":[]},{"ancestorTitles":["","tourEventGuards"],"fullName":" tourEventGuards ignores programmatic element.click events","status":"passed","title":"ignores programmatic element.click events","duration":3,"failureMessages":[]},{"ancestorTitles":["","tourEventGuards"],"fullName":" tourEventGuards advances exactly once for a trusted click after synthetic attempts","status":"passed","title":"advances exactly once for a trusted click after synthetic attempts","duration":0,"failureMessages":[]}],"startTime":1772498853005,"endTime":1772498853009,"status":"passed","message":"","name":"C:/Users/david/Downloads/SampleSolution/frontend/src/utils/tourEventGuards.test.ts"}]}
